{"container_name":"vault","timestamp":"2025-11-25T08:09:47.641Z","level":"INFO","message":"Secret bcrypt_salt set in Vault"}
{"container_name":"vault","timestamp":"2025-11-25T08:09:47.645Z","level":"INFO","message":"Secret jws_secret set in Vault"}
{"container_name":"vault","timestamp":"2025-11-25T08:09:47.649Z","level":"INFO","message":"Secret jwe_secret set in Vault"}
{"container_name":"vault","timestamp":"2025-11-25T08:23:30.532Z","level":"INFO","message":"Secret bcrypt_salt set in Vault"}
{"container_name":"vault","timestamp":"2025-11-25T08:23:30.540Z","level":"INFO","message":"Secret jws_secret set in Vault"}
{"container_name":"vault","timestamp":"2025-11-25T08:23:30.544Z","level":"INFO","message":"Secret jwe_secret set in Vault"}
{"container_name":"vault","timestamp":"2025-11-25T08:23:30.544Z","level":"WARN","message":"Be careful"}
{"container_name":"vault","timestamp":"2025-11-25T08:23:30.544Z","level":"ERROR","message":"Be careful"}
{"container_name":"vault","timestamp":"2025-11-25T09:39:31.883Z","level":"INFO","message":"Secret bcrypt_salt set in Vault"}
{"container_name":"vault","timestamp":"2025-11-25T09:39:31.893Z","level":"INFO","message":"Secret jws_secret set in Vault"}
{"container_name":"vault","timestamp":"2025-11-25T09:39:31.898Z","level":"INFO","message":"Secret jwe_secret set in Vault"}
{"container_name":"vault","timestamp":"2025-11-25T09:51:41.146Z","level":"INFO","message":"Secret bcrypt_salt set in Vault"}
{"container_name":"vault","timestamp":"2025-11-25T09:51:41.155Z","level":"INFO","message":"Secret jws_secret set in Vault"}
{"container_name":"vault","timestamp":"2025-11-25T09:51:41.161Z","level":"INFO","message":"Secret jwe_secret set in Vault"}
{"container_name":"vault","timestamp":"2025-11-25T10:08:06.365Z","level":"INFO","message":"Secret bcrypt_salt set in Vault"}
{"container_name":"vault","timestamp":"2025-11-25T10:08:06.373Z","level":"INFO","message":"Secret jws_secret set in Vault"}
{"container_name":"vault","timestamp":"2025-11-25T10:08:06.379Z","level":"INFO","message":"Secret jwe_secret set in Vault"}
{"container_name":"vault","timestamp":"2025-11-25T12:02:53.291Z","level":"INFO","message":"Secret bcrypt_salt set in Vault"}
{"container_name":"vault","timestamp":"2025-11-25T12:02:53.295Z","level":"INFO","message":"Secret jws_secret set in Vault"}
{"container_name":"vault","timestamp":"2025-11-25T12:02:53.298Z","level":"INFO","message":"Secret jwe_secret set in Vault"}
{"container_name":"vault","timestamp":"2025-11-25T12:44:54.058Z","level":"INFO","message":"Secret bcrypt_salt set in Vault"}
{"container_name":"vault","timestamp":"2025-11-25T12:44:54.070Z","level":"INFO","message":"Secret jws_secret set in Vault"}
{"container_name":"vault","timestamp":"2025-11-25T12:44:54.074Z","level":"INFO","message":"Secret jwe_secret set in Vault"}
{"container_name":"vault","timestamp":"2025-11-26T07:44:40.968Z","level":"INFO","message":"Secret bcrypt_salt set in Vault"}
{"container_name":"vault","timestamp":"2025-11-26T07:44:40.971Z","level":"INFO","message":"Secret jws_secret set in Vault"}
{"container_name":"vault","timestamp":"2025-11-26T07:44:40.972Z","level":"INFO","message":"Secret jwe_secret set in Vault"}
{"container_name":"vault","timestamp":"2025-11-26T09:13:28.097Z","level":"INFO","message":"Secret bcrypt_salt set in Vault"}
{"container_name":"vault","timestamp":"2025-11-26T09:13:28.101Z","level":"INFO","message":"Secret jws_secret set in Vault"}
{"container_name":"vault","timestamp":"2025-11-26T09:13:28.103Z","level":"INFO","message":"Secret jwe_secret set in Vault"}
{"container_name":"vault","timestamp":"2025-11-26T09:15:06.242Z","level":"INFO","message":"Secret bcrypt_salt set in Vault"}
{"container_name":"vault","timestamp":"2025-11-26T09:15:06.246Z","level":"INFO","message":"Secret jws_secret set in Vault"}
{"container_name":"vault","timestamp":"2025-11-26T09:15:06.248Z","level":"INFO","message":"Secret jwe_secret set in Vault"}
{"container_name":"vault","timestamp":"2025-11-26T14:16:24.359Z","level":"INFO","message":"Secret bcrypt_salt set in Vault"}
{"container_name":"vault","timestamp":"2025-11-26T14:16:24.364Z","level":"INFO","message":"Secret jws_secret set in Vault"}
{"container_name":"vault","timestamp":"2025-11-26T14:16:24.366Z","level":"INFO","message":"Secret jwe_secret set in Vault"}
{"container_name":"vault","timestamp":"2025-11-27T08:47:02.674Z","level":"INFO","message":"Secret bcrypt_salt set in Vault"}
{"container_name":"vault","timestamp":"2025-11-27T08:47:02.679Z","level":"INFO","message":"Secret jws_secret set in Vault"}
{"container_name":"vault","timestamp":"2025-11-27T08:47:02.681Z","level":"INFO","message":"Secret jwe_secret set in Vault"}
{"container_name":"vault","timestamp":"2025-11-27T12:09:18.561Z","level":"INFO","message":"Secret bcrypt_salt set in Vault"}
{"container_name":"vault","timestamp":"2025-11-27T12:09:18.563Z","level":"INFO","message":"Secret jws_secret set in Vault"}
{"container_name":"vault","timestamp":"2025-11-27T12:09:18.565Z","level":"INFO","message":"Secret jwe_secret set in Vault"}
{"container_name":"vault","timestamp":"2025-11-27T12:09:18.568Z","level":"INFO","message":"Listening on http://localhost:6988"}
{"container_name":"vault","timestamp":"2025-11-27T12:56:12.563Z","level":"INFO","message":"Secret bcrypt_salt set in Vault"}
{"container_name":"vault","timestamp":"2025-11-27T12:56:12.567Z","level":"INFO","message":"Secret jws_secret set in Vault"}
{"container_name":"vault","timestamp":"2025-11-27T12:56:12.568Z","level":"INFO","message":"Secret jwe_secret set in Vault"}
{"container_name":"vault","timestamp":"2025-11-27T12:56:12.571Z","level":"INFO","message":"Listening on http://localhost:6988"}
{"container_name":"vault","timestamp":"2025-11-27T14:14:36.789Z","level":"INFO","message":"Secret bcrypt_salt retrieved from Vault"}
